[35m[Appium][39m Welcome to Appium v1.22.3
[35m[Appium][39m Non-default server args:
[35m[Appium][39m   port: 52382
[35m[Appium][39m   tmpDir: C:\Users\joaom\AppData\Local\Temp\\Katalon\Appium\Temp1702908165115
[35m[Appium][39m   chromedriverPort: 52383
[35m[Appium][39m Deprecated server args:
[35m[Appium][39m   [31m--chromedriver-port[39m => --default-capabilities
[35m[Appium][39m Default capabilities, which will be added to each request unless overridden by desired capabilities:
[35m[Appium][39m   chromedriverPort: 52383
[35m[Appium][39m Appium REST http interface listener started on 0.0.0.0:52382
[35m[HTTP][39m [37m-->[39m [37mGET[39m [37m/wd/hub/status[39m
[35m[HTTP][39m [90m{}[39m
[debug] [35m[GENERIC][39m Calling AppiumDriver.getStatus() with args: []
[debug] [35m[GENERIC][39m Responding to client with driver.getStatus() result: {"build":{"version":"1.22.3"}}
[35m[HTTP][39m [37m<-- GET /wd/hub/status [39m[32m200[39m [90m9 ms - 68[39m
[35m[HTTP][39m [90m[39m
[35m[HTTP][39m [37m-->[39m [37mGET[39m [37m/wd/hub/status[39m
[35m[HTTP][39m [90m{}[39m
[debug] [35m[GENERIC][39m Calling AppiumDriver.getStatus() with args: []
[debug] [35m[GENERIC][39m Responding to client with driver.getStatus() result: {"build":{"version":"1.22.3"}}
[35m[HTTP][39m [37m<-- GET /wd/hub/status [39m[32m200[39m [90m3 ms - 68[39m
[35m[HTTP][39m [90m[39m
[35m[HTTP][39m [37m-->[39m [37mPOST[39m [37m/wd/hub/session[39m
[35m[HTTP][39m [90m{"desiredCapabilities":{"appActivity":".Settings","appPackage":"com.android.settings","newCommandTimeout":1800,"platformVersion":"12","automationName":"uiautomator2","autoGrantPermissions":true,"platformName":"Android","udid":"RF8NB1VTCKA","deviceName":"samsung SM-A315G (Android 12)","platform":"ANDROID","systemPort":8231},"capabilities":{"firstMatch":[{"appium:appActivity":".Settings","appium:appPackage":"com.android.settings","appium:autoGrantPermissions":true,"appium:automationName":"uiautomator2","appium:deviceName":"samsung SM-A315G (Android 12)","appium:newCommandTimeout":1800,"platform":"ANDROID","platformName":"android","appium:platformVersion":"12","appium:systemPort":8231,"appium:udid":"RF8NB1VTCKA"}]}}[39m
[debug] [35m[W3C][39m Calling AppiumDriver.createSession() with args: [{"appActivity":".Settings","appPackage":"com.android.settings","newCommandTimeout":1800,"platformVersion":"12","automationName":"uiautomator2","autoGrantPermissions":true,"platformName":"Android","udid":"RF8NB1VTCKA","deviceName":"samsung SM-A315G (Android 12)","platform":"ANDROID","systemPort":8231},null,{"firstMatch":[{"appium:appActivity":".Settings","appium:appPackage":"com.android.settings","appium:autoGrantPermissions":true,"appium:automationName":"uiautomator2","appium:deviceName":"samsung SM-A315G (Android 12)","appium:newCommandTimeout":1800,"platform":"ANDROID","platformName":"android","appium:platformVersion":"12","appium:systemPort":8231,"appium:udid":"RF8NB1VTCKA"}]}]
[debug] [35m[BaseDriver][39m Event 'newSessionRequested' logged at 1702908166986 (14:02:46 GMT+0000 (Western European Standard Time))
[35m[BaseDriver][39m The following capabilities are not standard capabilities and should have an extension prefix:
[35m[BaseDriver][39m   platform
[35m[BaseDriver][39m   chromedriverPort
[35m[Appium][39m Appium v1.22.3 creating new AndroidUiautomator2Driver (v1.70.1) session
[debug] [35m[BaseDriver][39m W3C capabilities and MJSONWP desired capabilities were provided
[debug] [35m[BaseDriver][39m Creating session with W3C capabilities: {
[debug] [35m[BaseDriver][39m   "alwaysMatch": {
[debug] [35m[BaseDriver][39m     "appium:platform": "ANDROID",
[debug] [35m[BaseDriver][39m     "platformName": "android",
[debug] [35m[BaseDriver][39m     "appium:chromedriverPort": 52383,
[debug] [35m[BaseDriver][39m     "appium:appActivity": ".Settings",
[debug] [35m[BaseDriver][39m     "appium:appPackage": "com.android.settings",
[debug] [35m[BaseDriver][39m     "appium:autoGrantPermissions": true,
[debug] [35m[BaseDriver][39m     "appium:automationName": "uiautomator2",
[debug] [35m[BaseDriver][39m     "appium:deviceName": "samsung SM-A315G (Android 12)",
[debug] [35m[BaseDriver][39m     "appium:newCommandTimeout": 1800,
[debug] [35m[BaseDriver][39m     "appium:platformVersion": "12",
[debug] [35m[BaseDriver][39m     "appium:systemPort": 8231,
[debug] [35m[BaseDriver][39m     "appium:udid": "RF8NB1VTCKA"
[debug] [35m[BaseDriver][39m   },
[debug] [35m[BaseDriver][39m   "firstMatch": [
[debug] [35m[BaseDriver][39m     {}
[debug] [35m[BaseDriver][39m   ]
[debug] [35m[BaseDriver][39m }
[35m[BaseDriver][39m The following capabilities were provided, but are not recognized by Appium:
[35m[BaseDriver][39m   platform
[35m[BaseDriver][39m Session created with session id: c770aae9-c74f-475f-8e76-7f09f64fd642
[35m[UiAutomator2][39m Starting 'com.android.settings' directly on the device
[35m[ADB][39m Found 1 'build-tools' folders under 'C:\Users\joaom\.katalon\tools\android_sdk' (newest first):
[35m[ADB][39m     C:/Users/joaom/.katalon/tools/android_sdk/build-tools/29.0.3
[35m[ADB][39m Using 'adb.exe' from 'C:\Users\joaom\.katalon\tools\android_sdk\platform-tools\adb.exe'
[debug] [35m[ADB][39m Running 'C:\Users\joaom\.katalon\tools\android_sdk\platform-tools\adb.exe -P 5037 start-server'
[35m[AndroidDriver][39m Retrieving device list
[debug] [35m[ADB][39m Trying to find a connected android device
[debug] [35m[ADB][39m Getting connected devices
[debug] [35m[ADB][39m Connected devices: [{"udid":"RF8NB1VTCKA","state":"device"}]
[35m[AndroidDriver][39m Using device: RF8NB1VTCKA
[35m[ADB][39m Using 'adb.exe' from 'C:\Users\joaom\.katalon\tools\android_sdk\platform-tools\adb.exe'
[debug] [35m[ADB][39m Running 'C:\Users\joaom\.katalon\tools\android_sdk\platform-tools\adb.exe -P 5037 start-server'
[debug] [35m[ADB][39m Setting device id to RF8NB1VTCKA
[debug] [35m[ADB][39m Running 'C:\Users\joaom\.katalon\tools\android_sdk\platform-tools\adb.exe -P 5037 -s RF8NB1VTCKA shell getprop ro.build.version.sdk'
[debug] [35m[ADB][39m Current device property 'ro.build.version.sdk': 31
[35m[ADB][39m Getting device platform version
[debug] [35m[ADB][39m Running 'C:\Users\joaom\.katalon\tools\android_sdk\platform-tools\adb.exe -P 5037 -s RF8NB1VTCKA shell getprop ro.build.version.release'
[debug] [35m[ADB][39m Current device property 'ro.build.version.release': 12
[debug] [35m[ADB][39m Device API level: 31
[35m[UiAutomator2][39m Relaxing hidden api policy
[debug] [35m[ADB][39m Running 'C:\Users\joaom\.katalon\tools\android_sdk\platform-tools\adb.exe -P 5037 -s RF8NB1VTCKA shell 'settings put global hidden_api_policy_pre_p_apps 1;settings put global hidden_api_policy_p_apps 1;settings put global hidden_api_policy 1''
[35m[AndroidDriver][39m No app sent in, not parsing package/activity
[debug] [35m[ADB][39m Running 'C:\Users\joaom\.katalon\tools\android_sdk\platform-tools\adb.exe -P 5037 -s RF8NB1VTCKA wait-for-device'
[debug] [35m[ADB][39m Running 'C:\Users\joaom\.katalon\tools\android_sdk\platform-tools\adb.exe -P 5037 -s RF8NB1VTCKA shell echo ping'
[debug] [35m[AndroidDriver][39m Pushing settings apk to device...
[debug] [35m[ADB][39m Getting install status for io.appium.settings
[debug] [35m[ADB][39m Running 'C:\Users\joaom\.katalon\tools\android_sdk\platform-tools\adb.exe -P 5037 -s RF8NB1VTCKA shell dumpsys package io.appium.settings'
[debug] [35m[ADB][39m 'io.appium.settings' is installed
[debug] [35m[ADB][39m Getting package info for 'io.appium.settings'
[debug] [35m[ADB][39m Running 'C:\Users\joaom\.katalon\tools\android_sdk\platform-tools\adb.exe -P 5037 -s RF8NB1VTCKA shell dumpsys package io.appium.settings'
[debug] [35m[ADB][39m The version name of the installed 'io.appium.settings' is greater or equal to the application version name ('3.4.0' >= '3.4.0')
[debug] [35m[ADB][39m There is no need to install/upgrade 'C:\Users\joaom\AppData\Roaming\npm\node_modules\appium\node_modules\io.appium.settings\apks\settings_apk-debug.apk'
[debug] [35m[ADB][39m Getting IDs of all 'io.appium.settings' processes
[debug] [35m[ADB][39m Running 'C:\Users\joaom\.katalon\tools\android_sdk\platform-tools\adb.exe -P 5037 -s RF8NB1VTCKA shell 'pgrep --help; echo $?''
[debug] [35m[ADB][39m Running 'C:\Users\joaom\.katalon\tools\android_sdk\platform-tools\adb.exe -P 5037 -s RF8NB1VTCKA shell pgrep -f \(\[\[:blank:\]\]\|\^\)io\.appium\.settings\(\[\[:blank:\]\]\|\$\)'
[debug] [35m[AndroidDriver][39m io.appium.settings is already running. There is no need to reset its permissions.
[debug] [35m[ADB][39m Running 'C:\Users\joaom\.katalon\tools\android_sdk\platform-tools\adb.exe -P 5037 -s RF8NB1VTCKA shell appops set io.appium.settings android:mock_location allow'
[debug] [35m[Logcat][39m Starting logs capture with command: C:\\Users\\joaom\\.katalon\\tools\\android_sdk\\platform-tools\\adb.exe -P 5037 -s RF8NB1VTCKA logcat -v threadtime
[debug] [35m[UiAutomator2][39m Forwarding UiAutomator2 Server port 6790 to local port 8231
[debug] [35m[ADB][39m Forwarding system: 8231 to device: 6790
[debug] [35m[ADB][39m Running 'C:\Users\joaom\.katalon\tools\android_sdk\platform-tools\adb.exe -P 5037 -s RF8NB1VTCKA forward tcp:8231 tcp:6790'
[debug] [35m[ADB][39m Getting install status for io.appium.uiautomator2.server
[debug] [35m[ADB][39m Running 'C:\Users\joaom\.katalon\tools\android_sdk\platform-tools\adb.exe -P 5037 -s RF8NB1VTCKA shell dumpsys package io.appium.uiautomator2.server'
[debug] [35m[ADB][39m 'io.appium.uiautomator2.server' is installed
[debug] [35m[ADB][39m Getting package info for 'io.appium.uiautomator2.server'
[debug] [35m[ADB][39m Running 'C:\Users\joaom\.katalon\tools\android_sdk\platform-tools\adb.exe -P 5037 -s RF8NB1VTCKA shell dumpsys package io.appium.uiautomator2.server'
[debug] [35m[ADB][39m The version name of the installed 'io.appium.uiautomator2.server' is greater or equal to the application version name ('4.27.0' >= '4.27.0')
[debug] [35m[UiAutomator2][39m io.appium.uiautomator2.server installation state: sameVersionInstalled
[debug] [35m[ADB][39m Checking app cert for C:\Users\joaom\AppData\Roaming\npm\node_modules\appium\node_modules\appium-uiautomator2-server\apks\appium-uiautomator2-server-v4.27.0.apk
[35m[ADB][39m Using 'apksigner.jar' from 'C:\Users\joaom\.katalon\tools\android_sdk\build-tools\29.0.3\lib\apksigner.jar'
[debug] [35m[ADB][39m Starting apksigner: C:\\Users\\joaom\\.katalon\\packages\\Katalon_Studio_Windows_64-8.6.8\\Katalon_Studio_Windows_64-8.6.8\\jre\\bin\\java.exe -Xmx1024M -Xss1m -jar C:\\Users\\joaom\\.katalon\\tools\\android_sdk\\build-tools\\29.0.3\\lib\\apksigner.jar verify --print-certs C:\\Users\\joaom\\AppData\\Roaming\\npm\\node_modules\\appium\\node_modules\\appium-uiautomator2-server\\apks\\appium-uiautomator2-server-v4.27.0.apk
[debug] [35m[ADB][39m apksigner stdout: Signer #1 certificate DN: EMAILADDRESS=android@android.com, CN=Android, OU=Android, O=Android, L=Mountain View, ST=California, C=US
[debug] [35m[ADB][39m Signer #1 certificate SHA-256 digest: a40da80a59d170caa950cf15c18c454d47a39b26989d8b640ecd745ba71bf5dc
[debug] [35m[ADB][39m Signer #1 certificate SHA-1 digest: 61ed377e85d386a8dfee6b864bd85b0bfaa5af81
[debug] [35m[ADB][39m Signer #1 certificate MD5 digest: e89b158e4bcf988ebd09eb83f5378e87
[debug] [35m[ADB][39m 
[debug] [35m[ADB][39m sha256 hash did match for 'appium-uiautomator2-server-v4.27.0.apk'
[35m[ADB][39m 'C:\Users\joaom\AppData\Roaming\npm\node_modules\appium\node_modules\appium-uiautomator2-server\apks\appium-uiautomator2-server-v4.27.0.apk' is signed with the default certificate
[debug] [35m[ADB][39m Getting install status for io.appium.uiautomator2.server.test
[debug] [35m[ADB][39m Running 'C:\Users\joaom\.katalon\tools\android_sdk\platform-tools\adb.exe -P 5037 -s RF8NB1VTCKA shell dumpsys package io.appium.uiautomator2.server.test'
[debug] [35m[ADB][39m 'io.appium.uiautomator2.server.test' is installed
[debug] [35m[ADB][39m Checking app cert for C:\Users\joaom\AppData\Roaming\npm\node_modules\appium\node_modules\appium-uiautomator2-server\apks\appium-uiautomator2-server-debug-androidTest.apk
[debug] [35m[ADB][39m Starting apksigner: C:\\Users\\joaom\\.katalon\\packages\\Katalon_Studio_Windows_64-8.6.8\\Katalon_Studio_Windows_64-8.6.8\\jre\\bin\\java.exe -Xmx1024M -Xss1m -jar C:\\Users\\joaom\\.katalon\\tools\\android_sdk\\build-tools\\29.0.3\\lib\\apksigner.jar verify --print-certs C:\\Users\\joaom\\AppData\\Roaming\\npm\\node_modules\\appium\\node_modules\\appium-uiautomator2-server\\apks\\appium-uiautomator2-server-debug-androidTest.apk
[debug] [35m[ADB][39m apksigner stdout: Signer #1 certificate DN: EMAILADDRESS=android@android.com, CN=Android, OU=Android, O=Android, L=Mountain View, ST=California, C=US
[debug] [35m[ADB][39m Signer #1 certificate SHA-256 digest: a40da80a59d170caa950cf15c18c454d47a39b26989d8b640ecd745ba71bf5dc
[debug] [35m[ADB][39m Signer #1 certificate SHA-1 digest: 61ed377e85d386a8dfee6b864bd85b0bfaa5af81
[debug] [35m[ADB][39m Signer #1 certificate MD5 digest: e89b158e4bcf988ebd09eb83f5378e87
[debug] [35m[ADB][39m 
[debug] [35m[ADB][39m sha256 hash did match for 'appium-uiautomator2-server-debug-androidTest.apk'
[35m[ADB][39m 'C:\Users\joaom\AppData\Roaming\npm\node_modules\appium\node_modules\appium-uiautomator2-server\apks\appium-uiautomator2-server-debug-androidTest.apk' is signed with the default certificate
[35m[UiAutomator2][39m Server packages are not going to be (re)installed
[debug] [35m[UiAutomator2][39m Waiting up to 30000ms for services to be available
[debug] [35m[ADB][39m Running 'C:\Users\joaom\.katalon\tools\android_sdk\platform-tools\adb.exe -P 5037 -s RF8NB1VTCKA shell pm list instrumentation'
[debug] [35m[UiAutomator2][39m Instrumentation target 'io.appium.uiautomator2.server.test/androidx.test.runner.AndroidJUnitRunner' is available
[35m[ADB][39m Adding packages ["io.appium.settings","io.appium.uiautomator2.server","io.appium.uiautomator2.server.test"] to Doze whitelist
[debug] [35m[ADB][39m Got the following command chunks to execute: [["dumpsys","deviceidle","whitelist","+io.appium.settings",";","dumpsys","deviceidle","whitelist","+io.appium.uiautomator2.server",";","dumpsys","deviceidle","whitelist","+io.appium.uiautomator2.server.test",";"]]
[debug] [35m[ADB][39m Running 'C:\Users\joaom\.katalon\tools\android_sdk\platform-tools\adb.exe -P 5037 -s RF8NB1VTCKA shell dumpsys deviceidle whitelist +io.appium.settings ; dumpsys deviceidle whitelist +io.appium.uiautomator2.server ; dumpsys deviceidle whitelist +io.appium.uiautomator2.server.test ;'
[debug] [35m[UiAutomator2][39m No app capability. Assuming it is already on the device
[debug] [35m[ADB][39m Getting install status for com.android.settings
[debug] [35m[ADB][39m Running 'C:\Users\joaom\.katalon\tools\android_sdk\platform-tools\adb.exe -P 5037 -s RF8NB1VTCKA shell dumpsys package com.android.settings'
[debug] [35m[ADB][39m 'com.android.settings' is installed
[debug] [35m[ADB][39m Running 'C:\Users\joaom\.katalon\tools\android_sdk\platform-tools\adb.exe -P 5037 -s RF8NB1VTCKA shell am force-stop com.android.settings'
[debug] [35m[ADB][39m Running 'C:\Users\joaom\.katalon\tools\android_sdk\platform-tools\adb.exe -P 5037 -s RF8NB1VTCKA shell pm clear com.android.settings'
[debug] [35m[ADB][39m Running 'C:\Users\joaom\.katalon\tools\android_sdk\platform-tools\adb.exe -P 5037 -s RF8NB1VTCKA shell dumpsys package com.android.settings'
[debug] [35m[ADB][39m Retrieving requested permissions
[debug] [35m[ADB][39m Retrieved 377 permissions from requested group
[debug] [35m[ADB][39m Retrieving granted permissions
[debug] [35m[ADB][39m Retrieved 287 permissions from install,runtime groups
[debug] [35m[ADB][39m Granting permissions ["android.spay.permission.READ_SPAY_SHARE","android.permission.OBSERVE_SENSOR_PRIVACY"] to 'com.android.settings'
[debug] [35m[ADB][39m Got the following command chunks to execute: [["pm","grant","com.android.settings","android.spay.permission.READ_SPAY_SHARE",";","pm","grant","com.android.settings","android.permission.OBSERVE_SENSOR_PRIVACY",";"]]
[debug] [35m[ADB][39m Running 'C:\Users\joaom\.katalon\tools\android_sdk\platform-tools\adb.exe -P 5037 -s RF8NB1VTCKA shell pm grant com.android.settings android.spay.permission.READ_SPAY_SHARE ; pm grant com.android.settings android.permission.OBSERVE_SENSOR_PRIVACY ;'
[debug] [35m[AndroidDriver][39m Performed fast reset on the installed 'com.android.settings' application (stop and clear)
[debug] [35m[UiAutomator2][39m Performing shallow cleanup of automation leftovers
[debug] [35m[UiAutomator2][39m No obsolete sessions have been detected (socket hang up)
[debug] [35m[ADB][39m Running 'C:\Users\joaom\.katalon\tools\android_sdk\platform-tools\adb.exe -P 5037 -s RF8NB1VTCKA shell am force-stop io.appium.uiautomator2.server.test'
[35m[UiAutomator2][39m Starting UIAutomator2 server 4.27.0
[35m[UiAutomator2][39m Using UIAutomator2 server from 'C:\Users\joaom\AppData\Roaming\npm\node_modules\appium\node_modules\appium-uiautomator2-server\apks\appium-uiautomator2-server-v4.27.0.apk' and test from 'C:\Users\joaom\AppData\Roaming\npm\node_modules\appium\node_modules\appium-uiautomator2-server\apks\appium-uiautomator2-server-debug-androidTest.apk'
[35m[UiAutomator2][39m Waiting up to 30000ms for UiAutomator2 to be online...
[debug] [35m[ADB][39m Creating ADB subprocess with args: ["-P",5037,"-s","RF8NB1VTCKA","shell","am","instrument","-w","-e","disableAnalytics",true,"io.appium.uiautomator2.server.test/androidx.test.runner.AndroidJUnitRunner"]
[debug] [35m[WD Proxy][39m Matched '/status' to command name 'getStatus'
[debug] [35m[WD Proxy][39m Proxying [GET /status] to [GET http://127.0.0.1:8231/wd/hub/status] with no body
[35m[WD Proxy][39m socket hang up
[debug] [35m[WD Proxy][39m Matched '/status' to command name 'getStatus'
[debug] [35m[WD Proxy][39m Proxying [GET /status] to [GET http://127.0.0.1:8231/wd/hub/status] with no body
[35m[WD Proxy][39m socket hang up
[debug] [35m[Instrumentation][39m io.appium.uiautomator2.server.test.AppiumUiAutomator2Server:
[debug] [35m[WD Proxy][39m Matched '/status' to command name 'getStatus'
[debug] [35m[WD Proxy][39m Proxying [GET /status] to [GET http://127.0.0.1:8231/wd/hub/status] with no body
[35m[WD Proxy][39m socket hang up
[debug] [35m[WD Proxy][39m Matched '/status' to command name 'getStatus'
[debug] [35m[WD Proxy][39m Proxying [GET /status] to [GET http://127.0.0.1:8231/wd/hub/status] with no body
[debug] [35m[WD Proxy][39m Got response with status 200: {"sessionId":"None","value":{"message":"UiAutomator2 Server is ready to accept commands","ready":true}}
[debug] [35m[UiAutomator2][39m The initialization of the instrumentation process took 3139ms
[debug] [35m[WD Proxy][39m Matched '/session' to command name 'createSession'
[debug] [35m[WD Proxy][39m Proxying [POST /session] to [POST http://127.0.0.1:8231/wd/hub/session] with body: {"capabilities":{"firstMatch":[{"platform":"ANDROID","webStorageEnabled":false,"takesScreenshot":true,"javascriptEnabled":true,"databaseEnabled":false,"networkConnectionEnabled":true,"locationContextEnabled":false,"warnings":{},"desired":{"platformName":"android","platform":"ANDROID","chromedriverPort":52383,"appActivity":".Settings","appPackage":"com.android.settings","autoGrantPermissions":true,"automationName":"uiautomator2","deviceName":"samsung SM-A315G (Android 12)","newCommandTimeout":1800,"platformVersion":"12","systemPort":8231,"udid":"RF8NB1VTCKA"},"platformName":"android","chromedriverPort":52383,"appActivity":".Settings","appPackage":"com.android.settings","autoGrantPermissions":true,"automationName":"uiautomator2","deviceName":"RF8NB1VTCKA","newCommandTimeout":1800,"platformVersion":"12","systemPort":8231,"udid":"RF8NB1VTCKA","deviceUDID":"RF8NB1VTCKA"}],"alwaysMatch":{}}}
[debug] [35m[WD Proxy][39m Got response with status 200: {"sessionId":"082912b3-6866-49f7-94bd-e810ac943336","value":{"capabilities":{"firstMatch":[{"platform":"ANDROID","webStorageEnabled":false,"takesScreenshot":true,"javascriptEnabled":true,"databaseEnabled":false,"networkConnectionEnabled":true,"locationContextEnabled":false,"warnings":{},"desired":{"platformName":"android","platform":"ANDROID","chromedriverPort":52383,"appActivity":".Settings","appPackage":"com.android.settings","autoGrantPermissions":true,"automationName":"uiautomator2","deviceName":"samsung SM-A315G (Android 12)","newCommandTimeout":1800,"platformVersion":"12","systemPort":8231,"udid":"RF8NB1VTCKA"},"platformName":"android","chromedriverPort":52383,"appActivity":".Settings","appPackage":"com.android.settings","autoGrantPermissions":true,"automationName":"uiautomator2","deviceName":"RF8NB1VTCKA","newCommandTimeout":1800,"platformVersion":"12","systemPort":8231,"udid":"RF8NB1VTCKA","deviceUDID":"RF8NB1VTCKA"}],"alwaysMatch":{}},"sessionId":"082912b3-6866-49f7-94bd-e810ac943336"}}
[35m[WD Proxy][39m Determined the downstream protocol as 'W3C'
[debug] [35m[WD Proxy][39m Proxying [GET /appium/device/info] to [GET http://127.0.0.1:8231/wd/hub/session/082912b3-6866-49f7-94bd-e810ac943336/appium/device/info] with no body
[debug] [35m[WD Proxy][39m Got response with status 200: {"sessionId":"082912b3-6866-49f7-94bd-e810ac943336","value":{"androidId":"69468c2d9f3bc72d","apiVersion":"31","bluetooth":{"state":"OFF"},"brand":"samsung","carrierName":"vodafone P","displayDensity":420,"locale":"pt_PT","manufacturer":"samsung","model":"SM-A315G","networks":[{"capabilities":{"SSID":null,"linkDownBandwidthKbps":7094,"linkUpstreamBandwidthKbps":3247,"networkCapabilities":"NET_CAPABILITY_MMS,NET_CAPABILITY_SUPL,NET_CAPABILITY_XCAP,NET_CAPABILITY_INTERNET,NET_CAPABILITY_NOT_RESTRICTED,NET_CAPABILITY_TRUSTED,NET_CAPABILITY_NOT_VPN,NET_CAPABILITY_VALIDATED,NET_CAPABILITY_NOT_ROAMING,NET_CAPABILITY_NOT_CONGESTED,NET_CAPABILITY_NOT_SUSPENDED","signalStrength":-2147483648,"transportTypes":"TRANSPORT_CELLULAR"},"detailedState":"CONNECTED","extraInfo":"net2.vodafone.pt","isAvailable":true,"isConnected":true,"isFailover":false,"isRoaming":false,"state":"CONNECTED","subtype":13,"subtypeName":"LTE","type":0,"typeName":"MOBILE"},{"capabilities":{"SSID":null,"linkDownBandwidthKbps":2147483647,"linkUpstre...
[debug] [35m[ADB][39m Running 'C:\Users\joaom\.katalon\tools\android_sdk\platform-tools\adb.exe -P 5037 -s RF8NB1VTCKA shell dumpsys window'
[35m[AndroidDriver][39m Screen already unlocked, doing nothing
[35m[UiAutomator2][39m Starting 'com.android.settings/.Settings and waiting for 'com.android.settings/.Settings'
[debug] [35m[ADB][39m Running 'C:\Users\joaom\.katalon\tools\android_sdk\platform-tools\adb.exe -P 5037 -s RF8NB1VTCKA shell am start -W -n com.android.settings/.Settings -S -a android.intent.action.MAIN -c android.intent.category.LAUNCHER -f 0x10200000'
[debug] [35m[WD Proxy][39m Proxying [GET /appium/device/pixel_ratio] to [GET http://127.0.0.1:8231/wd/hub/session/082912b3-6866-49f7-94bd-e810ac943336/appium/device/pixel_ratio] with no body
[debug] [35m[WD Proxy][39m Got response with status 200: {"sessionId":"082912b3-6866-49f7-94bd-e810ac943336","value":2.625}
[debug] [35m[WD Proxy][39m Matched '/appium/device/system_bars' to command name 'getSystemBars'
[debug] [35m[WD Proxy][39m Proxying [GET /appium/device/system_bars] to [GET http://127.0.0.1:8231/wd/hub/session/082912b3-6866-49f7-94bd-e810ac943336/appium/device/system_bars] with no body
[debug] [35m[WD Proxy][39m Got response with status 200: {"sessionId":"082912b3-6866-49f7-94bd-e810ac943336","value":{"statusBar":79}}
[debug] [35m[WD Proxy][39m Matched '/window/current/size' to command name 'getWindowSize'
[debug] [35m[WD Proxy][39m Proxying [GET /window/current/size] to [GET http://127.0.0.1:8231/wd/hub/session/082912b3-6866-49f7-94bd-e810ac943336/window/current/size] with no body
[debug] [35m[WD Proxy][39m Got response with status 200: {"sessionId":"082912b3-6866-49f7-94bd-e810ac943336","value":{"height":2195,"width":1080}}
[35m[Appium][39m New AndroidUiautomator2Driver session created successfully, session c770aae9-c74f-475f-8e76-7f09f64fd642 added to master session list
[debug] [35m[BaseDriver][39m Event 'newSessionStarted' logged at 1702908179259 (14:02:59 GMT+0000 (Western European Standard Time))
[debug] [35m[W3C (c770aae9)][39m Cached the protocol value 'W3C' for the new session c770aae9-c74f-475f-8e76-7f09f64fd642
[debug] [35m[W3C (c770aae9)][39m Responding to client with driver.createSession() result: {"capabilities":{"platform":"ANDROID","webStorageEnabled":false,"takesScreenshot":true,"javascriptEnabled":true,"databaseEnabled":false,"networkConnectionEnabled":true,"locationContextEnabled":false,"warnings":{},"desired":{"platformName":"android","platform":"ANDROID","chromedriverPort":52383,"appActivity":".Settings","appPackage":"com.android.settings","autoGrantPermissions":true,"automationName":"uiautomator2","deviceName":"samsung SM-A315G (Android 12)","newCommandTimeout":1800,"platformVersion":"12","systemPort":8231,"udid":"RF8NB1VTCKA"},"platformName":"android","chromedriverPort":52383,"appActivity":".Settings","appPackage":"com.android.settings","autoGrantPermissions":true,"automationName":"uiautomator2","deviceName":"RF8NB1VTCKA","newCommandTimeout":1800,"platformVersion":"12","systemPort":8231,"udid":"RF8NB1VTCKA","deviceUDID":"RF8NB1VTCKA","deviceApiLevel":31,"deviceScreenSize":"1080x2400","deviceScreenDensity":420,"deviceModel":"SM-A315G","deviceManufacturer":"samsung","pixelRatio":2.625,"statB...
[35m[HTTP][39m [37m<-- POST /wd/hub/session [39m[32m200[39m [90m12277 ms - 1158[39m
[35m[HTTP][39m [90m[39m
[35m[HTTP][39m [37m-->[39m [37mGET[39m [37m/wd/hub/session/c770aae9-c74f-475f-8e76-7f09f64fd642[39m
[35m[HTTP][39m [90m{}[39m
[debug] [35m[W3C (c770aae9)][39m Calling AppiumDriver.getSession() with args: ["c770aae9-c74f-475f-8e76-7f09f64fd642"]
[debug] [35m[UiAutomator2][39m Getting session details from server to mix in
[debug] [35m[WD Proxy][39m Matched '/' to command name 'getSession'
[debug] [35m[WD Proxy][39m Proxying [GET /] to [GET http://127.0.0.1:8231/wd/hub/session/082912b3-6866-49f7-94bd-e810ac943336] with no body
[debug] [35m[WD Proxy][39m Got response with status 200: {"sessionId":"082912b3-6866-49f7-94bd-e810ac943336","value":{"lastScrollData":null}}
[debug] [35m[W3C (c770aae9)][39m Responding to client with driver.getSession() result: {"platform":"ANDROID","webStorageEnabled":false,"takesScreenshot":true,"javascriptEnabled":true,"databaseEnabled":false,"networkConnectionEnabled":true,"locationContextEnabled":false,"warnings":{},"desired":{"platformName":"android","platform":"ANDROID","chromedriverPort":52383,"appActivity":".Settings","appPackage":"com.android.settings","autoGrantPermissions":true,"automationName":"uiautomator2","deviceName":"samsung SM-A315G (Android 12)","newCommandTimeout":1800,"platformVersion":"12","systemPort":8231,"udid":"RF8NB1VTCKA"},"platformName":"android","chromedriverPort":52383,"appActivity":".Settings","appPackage":"com.android.settings","autoGrantPermissions":true,"automationName":"uiautomator2","deviceName":"RF8NB1VTCKA","newCommandTimeout":1800,"platformVersion":"12","systemPort":8231,"udid":"RF8NB1VTCKA","deviceUDID":"RF8NB1VTCKA","deviceApiLevel":31,"deviceScreenSize":"1080x2400","deviceScreenDensity":420,"deviceModel":"SM-A315G","deviceManufacturer":"samsung","pixelRatio":2.625,"statBarHeight":79,"vi...
[35m[HTTP][39m [37m<-- GET /wd/hub/session/c770aae9-c74f-475f-8e76-7f09f64fd642 [39m[32m200[39m [90m15 ms - 1112[39m
[35m[HTTP][39m [90m[39m
[35m[HTTP][39m [37m-->[39m [37mGET[39m [37m/wd/hub/session/c770aae9-c74f-475f-8e76-7f09f64fd642[39m
[35m[HTTP][39m [90m{}[39m
[debug] [35m[W3C (c770aae9)][39m Calling AppiumDriver.getSession() with args: ["c770aae9-c74f-475f-8e76-7f09f64fd642"]
[debug] [35m[UiAutomator2][39m Getting session details from server to mix in
[debug] [35m[WD Proxy][39m Matched '/' to command name 'getSession'
[debug] [35m[WD Proxy][39m Proxying [GET /] to [GET http://127.0.0.1:8231/wd/hub/session/082912b3-6866-49f7-94bd-e810ac943336] with no body
[debug] [35m[WD Proxy][39m Got response with status 200: {"sessionId":"082912b3-6866-49f7-94bd-e810ac943336","value":{"lastScrollData":null}}
[debug] [35m[W3C (c770aae9)][39m Responding to client with driver.getSession() result: {"platform":"ANDROID","webStorageEnabled":false,"takesScreenshot":true,"javascriptEnabled":true,"databaseEnabled":false,"networkConnectionEnabled":true,"locationContextEnabled":false,"warnings":{},"desired":{"platformName":"android","platform":"ANDROID","chromedriverPort":52383,"appActivity":".Settings","appPackage":"com.android.settings","autoGrantPermissions":true,"automationName":"uiautomator2","deviceName":"samsung SM-A315G (Android 12)","newCommandTimeout":1800,"platformVersion":"12","systemPort":8231,"udid":"RF8NB1VTCKA"},"platformName":"android","chromedriverPort":52383,"appActivity":".Settings","appPackage":"com.android.settings","autoGrantPermissions":true,"automationName":"uiautomator2","deviceName":"RF8NB1VTCKA","newCommandTimeout":1800,"platformVersion":"12","systemPort":8231,"udid":"RF8NB1VTCKA","deviceUDID":"RF8NB1VTCKA","deviceApiLevel":31,"deviceScreenSize":"1080x2400","deviceScreenDensity":420,"deviceModel":"SM-A315G","deviceManufacturer":"samsung","pixelRatio":2.625,"statBarHeight":79,"vi...
[35m[HTTP][39m [37m<-- GET /wd/hub/session/c770aae9-c74f-475f-8e76-7f09f64fd642 [39m[32m200[39m [90m12 ms - 1112[39m
[35m[HTTP][39m [90m[39m
[35m[HTTP][39m [37m-->[39m [37mGET[39m [37m/wd/hub/status[39m
[35m[HTTP][39m [90m{}[39m
[debug] [35m[GENERIC][39m Calling AppiumDriver.getStatus() with args: []
[debug] [35m[GENERIC][39m Responding to client with driver.getStatus() result: {"build":{"version":"1.22.3"}}
[35m[HTTP][39m [37m<-- GET /wd/hub/status [39m[32m200[39m [90m1 ms - 68[39m
[35m[HTTP][39m [90m[39m
[35m[HTTP][39m [37m-->[39m [37mPOST[39m [37m/wd/hub/session/c770aae9-c74f-475f-8e76-7f09f64fd642/timeouts[39m
[35m[HTTP][39m [90m{"implicit":60000}[39m
[debug] [35m[W3C (c770aae9)][39m Calling AppiumDriver.timeouts() with args: [null,null,null,null,60000,"c770aae9-c74f-475f-8e76-7f09f64fd642"]
[debug] [35m[BaseDriver][39m W3C timeout argument: {"implicit":60000}}
[debug] [35m[BaseDriver][39m Set implicit wait to 60000ms
[debug] [35m[W3C (c770aae9)][39m Responding to client with driver.timeouts() result: null
[35m[HTTP][39m [37m<-- POST /wd/hub/session/c770aae9-c74f-475f-8e76-7f09f64fd642/timeouts [39m[32m200[39m [90m5 ms - 14[39m
[35m[HTTP][39m [90m[39m
[35m[HTTP][39m [37m-->[39m [37mGET[39m [37m/wd/hub/session/c770aae9-c74f-475f-8e76-7f09f64fd642/screenshot[39m
[35m[HTTP][39m [90m{}[39m
[debug] [35m[W3C (c770aae9)][39m Calling AppiumDriver.getScreenshot() with args: ["c770aae9-c74f-475f-8e76-7f09f64fd642"]
[debug] [35m[WD Proxy][39m Matched '/screenshot' to command name 'getScreenshot'
[debug] [35m[WD Proxy][39m Proxying [GET /screenshot] to [GET http://127.0.0.1:8231/wd/hub/session/082912b3-6866-49f7-94bd-e810ac943336/screenshot] with no body
[debug] [35m[WD Proxy][39m Got response with status 200: {"sessionId":"082912b3-6866-49f7-94bd-e810ac943336","value":"iVBORw0KGgoAAAANSUhEUgAABDgAAAlgCAYAAABtGofVAAAAAXNSR0IArs4c6QAAAARzQklUCAgI\nCHwIZIgAACAASURBVHic7N1pfFXVvTfwfyBhUDSCIlYlWkAoCIpUbQvUol6rpAOOldw6tNWCVnBA\nRRSUomCr1qloFccrVXGoBaWCtqUqNb39aFUQbh0qgsFZFBPjwCB5XvDJeRKSQAI5SZZ+v6/O3mef\ntVdCOGfv31nrv3JycnIqAgAAACBhrZq7AwAAAABbSsABAAAAJE/AAQAAACRPwAEAAAAkT8ABAAAA\nJE/AAQAAACRPwAEAAAAkT8ABAAAAJE/AAQAAACRPwAEAAAAkT8ABAAAAJE/AAQAAACRPwAEAAAAk\nT8ABAAAAJE/AAQAAACRPwAEAAAAkT8ABAAAAJE/AAQAAACRPwAEAAAAkT8ABAAAAJC+3uTsAKcjJ\nyYmtttoqcnJysnaOioqK+Pjjj7PWPgAAwBeZgAM2oVWrVrHTTjvF8ccfH1tttVXWzlNeXh5XXHFF\n1toHAAD4IsvJycmpaO5OkL68vLwoKCiItWvXxmuvvdZo7W633Xbxla98JT788MN46623Gq3d+mrV\nqlXsuuuu8atf/SoOPfTQrJ7rrbfein79+mX1HAAAUB/Zur5vzHa322676Nq1a6xcuTJef/31Ruph\nwxUUFMTQoUMjPz+/xnOlpaUxd+7cKCkpaYaeffkIOJrRoYceGkcffXR07949DjrooEZv//e//33s\nvPPOme1x48bF008/3Wjt77777nHaaafF4MGDo1u3btG6deuIiFizZk28/PLL8cQTT8TUqVPjvffe\na1C7RUVFcdRRR8Vee+0VnTp1yuz/9NNP48UXX4y//vWvcfPNN8cHH3zQaD9LbWoLN9atWxdr165t\n1HPk5q4fSCXg2DLt27ePb3/7...
[debug] [35m[W3C (c770aae9)][39m Responding to client with driver.getScreenshot() result: "iVBORw0KGgoAAAANSUhEUgAABDgAAAlgCAYAAABtGofVAAAAAXNSR0IArs4c6QAAAARzQklUCAgI\nCHwIZIgAACAASURBVHic7N1pfFXVvTfwfyBhUDSCIlYlWkAoCIpUbQvUol6rpAOOldw6tNWCVnBA\nRRSUomCr1qloFccrVXGoBaWCtqUqNb39aFUQbh0qgsFZFBPjwCB5XvDJeRKSQAI5SZZ+v6/O3mef\ntVdCOGfv31nrv3JycnIqAgAAACBhrZq7AwAAAABbSsABAAAAJE/AAQAAACRPwAEAAAAkT8ABAAAA\nJE/AAQAAACRPwAEAAAAkT8ABAAAAJE/AAQAAACRPwAEAAAAkT8ABAAAAJE/AAQAAACRPwAEAAAAk\nT8ABAAAAJE/AAQAAACRPwAEAAAAkT8ABAAAAJE/AAQAAACRPwAEAAAAkT8ABAAAAJC+3uTsAKcjJ\nyYmtttoqcnJysnaOioqK+Pjjj7PWPgAAwBeZgAM2oVWrVrHTTjvF8ccfH1tttVXWzlNeXh5XXHFF\n1toHAAD4IsvJycmpaO5OkL68vLwoKCiItWvXxmuvvdZo7W633Xbxla98JT788MN46623Gq3d+mrV\nqlXsuuuu8atf/SoOPfTQrJ7rrbfein79+mX1HAAAUB/Zur5vzHa322676Nq1a6xcuTJef/31Ruph\nwxUUFMTQoUMjPz+/xnOlpaUxd+7cKCkpaYaeffkIOJrRoYceGkcffXR07949DjrooEZv//e//33s\nvPPOme1x48bF008/3Wjt77777nHaaafF4MGDo1u3btG6deuIiFizZk28/PLL8cQTT8TUqVPjvffe\na1C7RUVFcdRRR8Vee+0VnTp1yuz/9NNP48UXX4y//vWvcfPNN8cHH3zQaD9LbWoLN9atWxdr165t\n1HPk5q4fSCXg2DLt27ePb3/72/HSSy/V+mG57777xkEHHRQvv/xyPPLII/HZZ581Qy8BYPN16NAh\nunbtGp...
[35m[HTTP][39m [37m<-- GET /wd/hub/session/c770aae9-c74f-475f-8e76-7f09f64fd642/screenshot [39m[32m200[39m [90m656 ms - 252134[39m
[35m[HTTP][39m [90m[39m
[35m[HTTP][39m [37m-->[39m [37mGET[39m [37m/wd/hub/session/c770aae9-c74f-475f-8e76-7f09f64fd642/window/rect[39m
[35m[HTTP][39m [90m{}[39m
[debug] [35m[W3C (c770aae9)][39m Calling AppiumDriver.getWindowRect() with args: ["c770aae9-c74f-475f-8e76-7f09f64fd642"]
[debug] [35m[WD Proxy][39m Matched '/window/current/size' to command name 'getWindowSize'
[debug] [35m[WD Proxy][39m Proxying [GET /window/current/size] to [GET http://127.0.0.1:8231/wd/hub/session/082912b3-6866-49f7-94bd-e810ac943336/window/current/size] with no body
[debug] [35m[WD Proxy][39m Got response with status 200: {"sessionId":"082912b3-6866-49f7-94bd-e810ac943336","value":{"height":2195,"width":1080}}
[debug] [35m[W3C (c770aae9)][39m Responding to client with driver.getWindowRect() result: {"width":1080,"height":2195,"x":0,"y":0}
[35m[HTTP][39m [37m<-- GET /wd/hub/session/c770aae9-c74f-475f-8e76-7f09f64fd642/window/rect [39m[32m200[39m [90m30 ms - 50[39m
[35m[HTTP][39m [90m[39m
[35m[HTTP][39m [37m-->[39m [37mGET[39m [37m/wd/hub/session/c770aae9-c74f-475f-8e76-7f09f64fd642/appium/device/system_bars[39m
[35m[HTTP][39m [90m{}[39m
[debug] [35m[W3C (c770aae9)][39m Calling AppiumDriver.getSystemBars() with args: ["c770aae9-c74f-475f-8e76-7f09f64fd642"]
[debug] [35m[ADB][39m Running 'C:\Users\joaom\.katalon\tools\android_sdk\platform-tools\adb.exe -P 5037 -s RF8NB1VTCKA shell dumpsys window windows'
[debug] [35m[W3C (c770aae9)][39m Responding to client with driver.getSystemBars() result: {"statusBar":{"visible":true,"x":0,"y":0,"width":null,"height":1},"navigationBar":{"visible":true,"x":0,"y":0,"width":null,"height":1}}
[35m[HTTP][39m [37m<-- GET /wd/hub/session/c770aae9-c74f-475f-8e76-7f09f64fd642/appium/device/system_bars [39m[32m200[39m [90m121 ms - 145[39m
[35m[HTTP][39m [90m[39m
[35m[HTTP][39m [37m-->[39m [37mPOST[39m [37m/wd/hub/session/c770aae9-c74f-475f-8e76-7f09f64fd642/appium/device/activate_app[39m
[35m[HTTP][39m [90m{"bundleId":"io.ionic.starter"}[39m
[debug] [35m[W3C (c770aae9)][39m Calling AppiumDriver.activateApp() with args: ["io.ionic.starter",null,null,null,"c770aae9-c74f-475f-8e76-7f09f64fd642"]
[debug] [35m[AndroidDriver][39m Activating 'io.ionic.starter' with 'adb shell monkey -p io.ionic.starter -c android.intent.category.LAUNCHER 1' command
[debug] [35m[ADB][39m Running 'C:\Users\joaom\.katalon\tools\android_sdk\platform-tools\adb.exe -P 5037 -s RF8NB1VTCKA shell monkey -p io.ionic.starter -c android.intent.category.LAUNCHER 1'
[debug] [35m[AndroidDriver][39m Command stdout: bash arg: -p
[debug] [35m[AndroidDriver][39m   bash arg: io.ionic.starter
[debug] [35m[AndroidDriver][39m   bash arg: -c
[debug] [35m[AndroidDriver][39m   bash arg: android.intent.category.LAUNCHER
[debug] [35m[AndroidDriver][39m   bash arg: 1
[debug] [35m[AndroidDriver][39m Events injected: 1
[debug] [35m[AndroidDriver][39m ## Network stats: elapsed time=116ms (0ms mobile, 0ms wifi, 116ms not connected)
[debug] [35m[W3C (c770aae9)][39m Responding to client with driver.activateApp() result: null
[35m[HTTP][39m [37m<-- POST /wd/hub/session/c770aae9-c74f-475f-8e76-7f09f64fd642/appium/device/activate_app [39m[32m200[39m [90m873 ms - 14[39m
[35m[HTTP][39m [90m[39m
[35m[HTTP][39m [37m-->[39m [37mGET[39m [37m/wd/hub/session/c770aae9-c74f-475f-8e76-7f09f64fd642/source[39m
[35m[HTTP][39m [90m{}[39m
[35m[W3C (c770aae9)][39m Driver proxy active, passing request on via HTTP proxy
[debug] [35m[WD Proxy][39m Matched '/wd/hub/session/c770aae9-c74f-475f-8e76-7f09f64fd642/source' to command name 'getPageSource'
[debug] [35m[WD Proxy][39m Proxying [GET /wd/hub/session/c770aae9-c74f-475f-8e76-7f09f64fd642/source] to [GET http://127.0.0.1:8231/wd/hub/session/082912b3-6866-49f7-94bd-e810ac943336/source] with no body
[debug] [35m[WD Proxy][39m Got response with status 200: {"sessionId":"082912b3-6866-49f7-94bd-e810ac943336","value":"<?xml version='1.0' encoding='UTF-8' standalone='yes' ?>\r\n<hierarchy index=\"0\" class=\"hierarchy\" rotation=\"0\" width=\"1080\" height=\"2195\">\r\n  <android.widget.FrameLayout index=\"0\" package=\"io.ionic.starter\" class=\"android.widget.FrameLayout\" text=\"\" checkable=\"false\" checked=\"false\" clickable=\"false\" enabled=\"true\" focusable=\"false\" focused=\"false\" long-clickable=\"false\" password=\"false\" scrollable=\"false\" selected=\"false\" bounds=\"[0,0][1080,2195]\" displayed=\"true\">\r\n    <android.widget.LinearLayout index=\"0\" package=\"io.ionic.starter\" class=\"android.widget.LinearLayout\" text=\"\" checkable=\"false\" checked=\"false\" clickable=\"false\" enabled=\"true\" focusable=\"false\" focused=\"false\" long-clickable=\"false\" password=\"false\" scrollable=\"false\" selected=\"false\" bounds=\"[0,0][1080,2195]\" displayed=\"true\">\r\n      <android.widget.FrameLayout index=\"0\" package=\"io.ionic.starte...
[35m[WD Proxy][39m Replacing sessionId 082912b3-6866-49f7-94bd-e810ac943336 with c770aae9-c74f-475f-8e76-7f09f64fd642
[35m[HTTP][39m [37m<-- GET /wd/hub/session/c770aae9-c74f-475f-8e76-7f09f64fd642/source [39m[32m200[39m [90m602 ms - 29600[39m
[35m[HTTP][39m [90m[39m
[35m[HTTP][39m [37m-->[39m [37mGET[39m [37m/wd/hub/session/c770aae9-c74f-475f-8e76-7f09f64fd642/screenshot[39m
[35m[HTTP][39m [90m{}[39m
[debug] [35m[W3C (c770aae9)][39m Calling AppiumDriver.getScreenshot() with args: ["c770aae9-c74f-475f-8e76-7f09f64fd642"]
[debug] [35m[WD Proxy][39m Matched '/screenshot' to command name 'getScreenshot'
[debug] [35m[WD Proxy][39m Proxying [GET /screenshot] to [GET http://127.0.0.1:8231/wd/hub/session/082912b3-6866-49f7-94bd-e810ac943336/screenshot] with no body
[debug] [35m[WD Proxy][39m Got response with status 200: {"sessionId":"082912b3-6866-49f7-94bd-e810ac943336","value":"iVBORw0KGgoAAAANSUhEUgAABDgAAAlgCAYAAABtGofVAAAAAXNSR0IArs4c6QAAAARzQklUCAgI\nCHwIZIgAACAASURBVHic7N15XFTV/z/wFzBsgozgvoAGFKAgUmgFaqiVigoiaeJWmIoLZpqKiuIW\nmrv5ccFdc89IxI2+aq7YoikI5pIrkCuhIKgsMr8/eHB/DMwdZoYZYOj1fDx6PJg59557IGTmvuac\n9zEAIAMRERERERERkR4zrOoBEBERERERERFVFAMOIiIiIiIiItJ7DDiIiIiIiIiISO8x4CAiIiIi\nIiIivceAg4iIiIiIiIj0HgMOIiIiIiIiItJ7DDiIiIiIiIiISO8x4CAiIiIiIiIivceAg4iIiIiI\niIj0HgMOIiIiIiIiItJ7DDiIiIiIiIiISO8x4CAiIiIiIiIivceAg4iIiIiIiIj0HgMOIiIiIiIi\nItJ7DDiIiIiIiIiISO8x4CAiIiIiIiIivceAg4iIiIiIiIj0HgMOIiIiIiIiItJ7DDiIiIiIiIiI\nSO8x4CAiIiIiIiIivSep6gEQ6QMDAwPUqlULBgYGOruGTCZDTk6OzvonIiIiIiKqyRhwEJXD0NAQ\njRo1wuDBg2FhYaGz6zx//hyLFi3SWf9EREREREQ1mQEAWVUPgvSfsbEx7OzsUFBQgHv37mmt3zp1\n6qBx48Z49uwZHjx4oLV+VWVoaIhmzZrh22+/RdeuXXV6rQcPHsDV1VWn1yAiIiIiUoWu3t9rs986\nderA1tYWT58+RVpampZGqD47Ozt0794dUqm0TFtmZiaOHDmClJSUKhjZfw8DjirUtWtX9O3bFw4O\nDujUqZPW+9++fTuaNGkiPA4LC8P58+e11n+LFi0QGhqK9u3bw97eHkZGRgCA/Px83LhxA6dOncKK\nFSvw5MkTtfoNCgrCJ598gtat...
[debug] [35m[W3C (c770aae9)][39m Responding to client with driver.getScreenshot() result: "iVBORw0KGgoAAAANSUhEUgAABDgAAAlgCAYAAABtGofVAAAAAXNSR0IArs4c6QAAAARzQklUCAgI\nCHwIZIgAACAASURBVHic7N15XFTV/z/wFzBsgozgvoAGFKAgUmgFaqiVigoiaeJWmIoLZpqKiuIW\nmrv5ccFdc89IxI2+aq7YoikI5pIrkCuhIKgsMr8/eHB/DMwdZoYZYOj1fDx6PJg59557IGTmvuac\n9zEAIAMRERERERERkR4zrOoBEBERERERERFVFAMOIiIiIiIiItJ7DDiIiIiIiIiISO8x4CAiIiIi\nIiIivceAg4iIiIiIiIj0HgMOIiIiIiIiItJ7DDiIiIiIiIiISO8x4CAiIiIiIiIivceAg4iIiIiI\niIj0HgMOIiIiIiIiItJ7DDiIiIiIiIiISO8x4CAiIiIiIiIivceAg4iIiIiIiIj0HgMOIiIiIiIi\nItJ7DDiIiIiIiIiISO8x4CAiIiIiIiIivceAg4iIiIiIiIj0HgMOIiIiIiIiItJ7DDiIiIiIiIiI\nSO8x4CAiIiIiIiIivSep6gEQ6QMDAwPUqlULBgYGOruGTCZDTk6OzvonIiIiIiKqyRhwEJXD0NAQ\njRo1wuDBg2FhYaGz6zx//hyLFi3SWf9EREREREQ1mQEAWVUPgvSfsbEx7OzsUFBQgHv37mmt3zp1\n6qBx48Z49uwZHjx4oLV+VWVoaIhmzZrh22+/RdeuXXV6rQcPHsDV1VWn1yAiIiIiUoWu3t9rs986\nderA1tYWT58+RVpampZGqD47Ozt0794dUqm0TFtmZiaOHDmClJSUKhjZfw8DjirUtWtX9O3bFw4O\nDujUqZPW+9++fTuaNGkiPA4LC8P58+e11n+LFi0QGhqK9u3bw97eHkZGRgCA/Px83LhxA6dOncKK\nFSvw5MkTtfoNCgrCJ598gtatW8PGxkZ4/uXLl7h27RqOHj2K9evXIyMjQ2vfiyKKwo3CwkIUFBRo\n9RoSSd...
[35m[HTTP][39m [37m<-- GET /wd/hub/session/c770aae9-c74f-475f-8e76-7f09f64fd642/screenshot [39m[32m200[39m [90m636 ms - 182754[39m
[35m[HTTP][39m [90m[39m
[35m[HTTP][39m [37m-->[39m [37mPOST[39m [37m/wd/hub/session/c770aae9-c74f-475f-8e76-7f09f64fd642/elements[39m
[35m[HTTP][39m [90m{"using":"xpath","value":"//*[@class = 'android.widget.TextView' and (@text = 'Dashboard' or . = 'Dashboard')]"}[39m
[debug] [35m[W3C (c770aae9)][39m Calling AppiumDriver.findElements() with args: ["xpath","//*[@class = 'android.widget.TextView' and (@text = 'Dashboard' or . = 'Dashboard')]","c770aae9-c74f-475f-8e76-7f09f64fd642"]
[debug] [35m[BaseDriver][39m Valid locator strategies for this request: xpath, id, class name, accessibility id, css selector, -android uiautomator
[debug] [35m[BaseDriver][39m Waiting up to 60000 ms for condition
[debug] [35m[WD Proxy][39m Matched '/elements' to command name 'findElements'
[debug] [35m[WD Proxy][39m Proxying [POST /elements] to [POST http://127.0.0.1:8231/wd/hub/session/082912b3-6866-49f7-94bd-e810ac943336/elements] with body: {"strategy":"xpath","selector":"//*[@class = 'android.widget.TextView' and (@text = 'Dashboard' or . = 'Dashboard')]","context":"","multiple":true}
[debug] [35m[WD Proxy][39m Got response with status 200: {"sessionId":"082912b3-6866-49f7-94bd-e810ac943336","value":[{"ELEMENT":"00000000-0000-02a1-0000-021700000007","element-6066-11e4-a52e-4f735466cecf":"00000000-0000-02a1-0000-021700000007"}]}
[debug] [35m[W3C (c770aae9)][39m Responding to client with driver.findElements() result: [{"element-6066-11e4-a52e-4f735466cecf":"00000000-0000-02a1-0000-021700000007","ELEMENT":"00000000-0000-02a1-0000-021700000007"}]
[35m[HTTP][39m [37m<-- POST /wd/hub/session/c770aae9-c74f-475f-8e76-7f09f64fd642/elements [39m[32m200[39m [90m607 ms - 139[39m
[35m[HTTP][39m [90m[39m
[35m[HTTP][39m [37m-->[39m [37mDELETE[39m [37m/wd/hub/session/c770aae9-c74f-475f-8e76-7f09f64fd642[39m
[35m[HTTP][39m [90m{}[39m
[debug] [35m[W3C (c770aae9)][39m Calling AppiumDriver.deleteSession() with args: ["c770aae9-c74f-475f-8e76-7f09f64fd642"]
[debug] [35m[BaseDriver][39m Event 'quitSessionRequested' logged at 1702908201376 (14:03:21 GMT+0000 (Western European Standard Time))
[35m[Appium][39m Removing session c770aae9-c74f-475f-8e76-7f09f64fd642 from our master session list
[debug] [35m[UiAutomator2][39m Deleting UiAutomator2 session
[debug] [35m[UiAutomator2][39m Deleting UiAutomator2 server session
[debug] [35m[WD Proxy][39m Matched '/' to command name 'deleteSession'
[debug] [35m[WD Proxy][39m Proxying [DELETE /] to [DELETE http://127.0.0.1:8231/wd/hub/session/082912b3-6866-49f7-94bd-e810ac943336] with no body
[debug] [35m[WD Proxy][39m Got response with status 200: {"sessionId":"082912b3-6866-49f7-94bd-e810ac943336","value":null}
[debug] [35m[ADB][39m Running 'C:\Users\joaom\.katalon\tools\android_sdk\platform-tools\adb.exe -P 5037 -s RF8NB1VTCKA shell am force-stop com.android.settings'
[debug] [35m[Logcat][39m Stopping logcat capture
[debug] [35m[ADB][39m Removing forwarded port socket connection: 8231 
[debug] [35m[ADB][39m Running 'C:\Users\joaom\.katalon\tools\android_sdk\platform-tools\adb.exe -P 5037 -s RF8NB1VTCKA forward --remove tcp:8231'
[debug] [35m[Instrumentation][39m .
[35m[UiAutomator2][39m Restoring hidden api policy to the device default configuration
[debug] [35m[ADB][39m Running 'C:\Users\joaom\.katalon\tools\android_sdk\platform-tools\adb.exe -P 5037 -s RF8NB1VTCKA shell 'settings delete global hidden_api_policy_pre_p_apps;settings delete global hidden_api_policy_p_apps;settings delete global hidden_api_policy''
[debug] [35m[Instrumentation][39m Time: 26,093
[debug] [35m[Instrumentation][39m 
[debug] [35m[Instrumentation][39m OK (1 test)
[debug] [35m[BaseDriver][39m Event 'quitSessionFinished' logged at 1702908201984 (14:03:21 GMT+0000 (Western European Standard Time))
[debug] [35m[W3C (c770aae9)][39m Received response: null
[debug] [35m[W3C (c770aae9)][39m But deleting session, so not returning
[debug] [35m[W3C (c770aae9)][39m Responding to client with driver.deleteSession() result: null
[35m[HTTP][39m [37m<-- DELETE /wd/hub/session/c770aae9-c74f-475f-8e76-7f09f64fd642 [39m[32m200[39m [90m610 ms - 14[39m
[35m[HTTP][39m [90m[39m
